Controlador de execução do SIMAN.

8.395526 Minutos>
                                      ARENA Simulation Results
                                     juliano - License: STUDENT

                                  Sumário para Replicação 1 de 1

Projeto: Unnamed Project                                             Data da execução :12/ 5/2019
Analista: tan                                                         Data de revisão do modelo:12/ 5/2019

Replicação terminada no tempo de      : 8.395526 Minutos 
Unidade de Tempo Base: Minutos

                                           VARIÁVEIS DE REGISTRO

Identificador                                  Média   Meia Largura  Mínimo    Máximo   Observações
___________________________________________________________________________________________________

Cliente.VATime                                  --         --         --         --          0
Cliente.NVATime                                 --         --         --         --          0
Cliente.WaitTime                                --         --         --         --          0
Cliente.TranTime                                --         --         --         --          0
Cliente.OtherTime                               --         --         --         --          0
Cliente.TotalTime                               --         --         --         --          0
Passar Cera.Queue.WaitingTime                   --         --         --         --          0
Estacionamento.Queue.WaitingTime                --         --         --         --          0
Hidratacao de couro e estofados.Queue.Wait      --         --         --         --          0
Aspirador.Queue.WaitingTime                     --         --         --         --          0
Lavagem Externa 1.Queue.WaitingTime         .00000     (Insuf)    .00000     .00000          1    
Limpeza de componentes internos.Queue.Wait      --         --         --         --          0
Limpeza do motor.Queue.WaitingTime              --         --         --         --          0
Cadastro.Queue.WaitingTime                      --         --         --         --          0

                                     VARIÁVEIS DISCRETAS

Identificador                                 Média   Meia Largura  Mínimo    Máximo   Valor Final
___________________________________________________________________________________________________

Cliente.WIP                                 1.8470     (Insuf)    .00000     3.0000     3.0000    
Funcionario AtendenteBalizador.NumberBusy   .00000     (Insuf)    .00000     .00000     .00000    
Funcionario AtendenteBalizador.NumberSched  1.0000     (Insuf)    1.0000     1.0000     1.0000    
Funcionario AtendenteBalizador.Utilization  .00000     (Insuf)    .00000     .00000     .00000    
Hidratacao.NumberBusy                       .00000     (Insuf)    .00000     .00000     .00000    
Hidratacao.NumberScheduled                  1.0000     (Insuf)    1.0000     1.0000     1.0000    
Hidratacao.Utilization                      .00000     (Insuf)    .00000     .00000     .00000    
Funcionario LimpaCompHidratacao.NumberBusy  .00000     (Insuf)    .00000     .00000     .00000    
Funcionario LimpaCompHidratacao.NumberSche  1.0000     (Insuf)    1.0000     1.0000     1.0000    
Funcionario LimpaCompHidratacao.Utilizatio  .00000     (Insuf)    .00000     .00000     .00000    
Funcionario LimpaMotorCera.NumberBusy       .00000     (Insuf)    .00000     .00000     .00000    
Funcionario LimpaMotorCera.NumberScheduled  1.0000     (Insuf)    1.0000     1.0000     1.0000    
Funcionario LimpaMotorCera.Utilization      .00000     (Insuf)    .00000     .00000     .00000    
Funcionario LavagemExterna.NumberBusy       1.0000     (Insuf)    .00000     1.0000     1.0000    
Funcionario LavagemExterna.NumberScheduled  1.0000     (Insuf)    1.0000     1.0000     1.0000    
Funcionario LavagemExterna.Utilization      1.0000     (Insuf)    .00000     1.0000     1.0000    
Estacionamento 1.NumberBusy                 .00000     (Insuf)    .00000     .00000     .00000    
Estacionamento 1.NumberScheduled            1.0000     (Insuf)    1.0000     1.0000     1.0000    
Estacionamento 1.Utilization                .00000     (Insuf)    .00000     .00000     .00000    
Funcionario LimpezaInterna.NumberBusy       .00000     (Insuf)    .00000     .00000     .00000    
Funcionario LimpezaInterna.NumberScheduled  1.0000     (Insuf)    1.0000     1.0000     1.0000    
Funcionario LimpezaInterna.Utilization      .00000     (Insuf)    .00000     .00000     .00000    
Passar Cera.Queue.NumberInQueue             .00000     (Insuf)    .00000     .00000     .00000    
Estacionamento.Queue.NumberInQueue          .00000     (Insuf)    .00000     .00000     .00000    
Hidratacao de couro e estofados.Queue.Numb  .00000     (Insuf)    .00000     .00000     .00000    
Aspirador.Queue.NumberInQueue               .00000     (Insuf)    .00000     .00000     .00000    
Lavagem Externa 1.Queue.NumberInQueue       .31254     (Insuf)    .00000     1.0000     1.0000    
Limpeza de componentes internos.Queue.Numb  .00000     (Insuf)    .00000     .00000     .00000    
Limpeza do motor.Queue.NumberInQueue        .00000     (Insuf)    .00000     .00000     .00000    
Cadastro.Queue.NumberInQueue                .00000     (Insuf)    .00000     .00000     .00000    

                                             RESULTADOS

Identificador                                   Valor
_____________________________________________________________

Cliente.NumberIn                            3.0000    
Cliente.NumberOut                           .00000    
Funcionario AtendenteBalizador.NumberSeize  .00000    
Funcionario AtendenteBalizador.ScheduledUt  .00000    
Hidratacao.NumberSeized                     .00000    
Hidratacao.ScheduledUtilization             .00000    
Funcionario LimpaCompHidratacao.NumberSeiz  .00000    
Funcionario LimpaCompHidratacao.ScheduledU  .00000    
Funcionario LimpaMotorCera.NumberSeized     .00000    
Funcionario LimpaMotorCera.ScheduledUtiliz  .00000    
Funcionario LavagemExterna.NumberSeized     1.0000    
Funcionario LavagemExterna.ScheduledUtiliz  1.0000    
Estacionamento 1.NumberSeized               .00000    
Estacionamento 1.ScheduledUtilization       .00000    
Funcionario LimpezaInterna.NumberSeized     .00000    
Funcionario LimpezaInterna.ScheduledUtiliz  .00000    
System.NumberOut                            .00000    


Tempo executando a simulação: 0.15 minutos.
Simulação completada.
